<?xml version="1.0" encoding="UTF-8"?>
<!-- Generated by org.testng.reporters.JUnitReportReporter -->
<testsuite hostname="Natarajan" failures="0" tests="1" name="sampleprograms.StringReverseAndPalindrom" time="0.007" errors="0" timestamp="2024-02-15T13:15:53 IST" skipped="0">
  <testcase classname="sampleprograms.StringReverseAndPalindrom" name="StringReverPalindrom" time="0.007"/>
  <system-out/>
</testsuite> <!-- sampleprograms.StringReverseAndPalindrom -->
