<?xml version="1.0" encoding="UTF-8"?>
<!-- Generated by org.testng.reporters.JUnitReportReporter -->
<testsuite hostname="Natarajan" failures="0" tests="1" name="TestRunner.Scripts_timesofIndia" time="15.568" errors="0" timestamp="2024-03-07T13:24:59 IST" skipped="0">
  <testcase classname="TestRunner.Scripts_timesofIndia" name="timesOFIndia" time="15.568"/>
  <system-out/>
</testsuite> <!-- TestRunner.Scripts_timesofIndia -->
