<?xml version="1.0" encoding="UTF-8"?>
<!-- Generated by org.testng.reporters.JUnitReportReporter -->
<testsuite hostname="Natarajan" failures="0" tests="1" name="Scripts.FlipHomePage" time="3.625" errors="0" timestamp="2024-02-16T15:56:58 IST" skipped="0">
  <testcase classname="Scripts.FlipHomePage" name="loginPage" time="3.625"/>
  <system-out/>
</testsuite> <!-- Scripts.FlipHomePage -->
